2024-06-06T07:38:50+00:00 DEBUG POST: https://ads.tiktok.com/marketing_api/api/developer/app/create_auto_approve/

{"business_platform":"PROD","smb_id":"tt4b_woocommerce_6661678ad2069httpsnhatidvnwp-admin","smb_name":"PROD","redirect_url":"https:\/\/nhat.id.vn\/wp-admin\/"}
 ajax: no
2024-06-06T07:38:51+00:00 DEBUG Tt4b_Mapi_Class::create_open_source_app: Response: 

HTTP/1.1 200 OK
Content-Type: application/json
X-Tt-Logid: 2024060607385103C4CB284535FE8ECC63,2024060607385103C4CB284535FE8ECC63
Strict-Transport-Security: max-age=31536000; includeSubDomains
Server-Timing: inner; dur=53
x-tt-trace-host: 01930cb2176488275ed611ff269498ac6c9e6e784d4f84f2deba634d8cbeb925e8f10e1258a0e37481b8ca5f499757c1bf2cc0a4ad2c740be20546c76b2c5fc3f4868c1e267e96b679a5570143f72ca90ffe75cc9beeb4d022d94a5733d6220c74
x-tt-trace-id: 00-24060607385103C4CB284535FE8ECC63-0FAF336D46E35FC7-00
Server: TLB
Content-Encoding: gzip
Date: Thu, 06 Jun 2024 07:38:52 GMT
Content-Length: 203
X-Cache: TCP_MISS from a23-35-216-21.deploy.akamaitechnologies.com (AkamaiGHost/11.5.1-56325026) (-)
Connection: close
Vary: Accept-Encoding
x-tt-trace-tag: id=16;cdn-cache=miss;type=dyn
Server-Timing: cdn-cache; desc=MISS, edge; dur=4, origin; dur=88
X-Origin-Response-Time: 89,23.35.216.21
X-Akamai-Request-ID: 8e5a2a69

{"code":0,"msg":"ok","data":{"app_id":"7377291519541116936","redirect_uri":"https:\/\/nhat.id.vn\/wp-admin\/","external_data_key":"8a47eea3-7eb4-4a40-ac90-89e17dbf6cce","app_secret":"d22b12774e96d7231711948e5f6a107849ab2abb"}}
2024-06-06T09:30:17+00:00 DEBUG Tt4b_Pixel_Class::inject_add_to_cart_event: hit AddToCart
2024-06-06T09:30:17+00:00 DEBUG Tt4b_Pixel_Class::inject_add_to_cart_event: Missing option "access_token"
2024-06-06T09:30:20+00:00 DEBUG Tt4b_Pixel_Class::inject_add_to_cart_event: hit AddToCart
2024-06-06T09:30:20+00:00 DEBUG Tt4b_Pixel_Class::inject_add_to_cart_event: Missing option "access_token"
2024-06-06T09:39:21+00:00 DEBUG Tt4b_Pixel_Class::inject_add_to_cart_event: hit AddToCart
2024-06-06T09:39:21+00:00 DEBUG Tt4b_Pixel_Class::inject_add_to_cart_event: Missing option "access_token"
2024-06-06T09:39:24+00:00 DEBUG Tt4b_Pixel_Class::inject_add_to_cart_event: hit AddToCart
2024-06-06T09:39:24+00:00 DEBUG Tt4b_Pixel_Class::inject_add_to_cart_event: Missing option "access_token"
2024-06-06T09:39:41+00:00 DEBUG Tt4b_Pixel_Class::inject_add_to_cart_event: hit AddToCart
2024-06-06T09:39:41+00:00 DEBUG Tt4b_Pixel_Class::inject_add_to_cart_event: Missing option "access_token"
2024-06-06T09:44:00+00:00 DEBUG Tt4b_Pixel_Class::inject_initiate_checkout_event: hit InitiateCheckout
2024-06-06T09:44:00+00:00 DEBUG Tt4b_Pixel_Class::inject_initiate_checkout_event: Missing option "access_token"
2024-06-06T09:44:02+00:00 DEBUG Tt4b_Pixel_Class::inject_initiate_checkout_event: hit InitiateCheckout
2024-06-06T09:44:02+00:00 DEBUG Tt4b_Pixel_Class::inject_initiate_checkout_event: Missing option "access_token"
2024-06-06T09:47:20+00:00 DEBUG Tt4b_Pixel_Class::inject_add_to_cart_event: hit AddToCart
2024-06-06T09:47:20+00:00 DEBUG Tt4b_Pixel_Class::inject_add_to_cart_event: Missing option "access_token"
2024-06-06T09:47:30+00:00 DEBUG Tt4b_Pixel_Class::inject_add_to_cart_event: hit AddToCart
2024-06-06T09:47:30+00:00 DEBUG Tt4b_Pixel_Class::inject_add_to_cart_event: Missing option "access_token"
2024-06-06T09:47:32+00:00 DEBUG Tt4b_Pixel_Class::inject_add_to_cart_event: hit AddToCart
2024-06-06T09:47:32+00:00 DEBUG Tt4b_Pixel_Class::inject_add_to_cart_event: Missing option "access_token"
2024-06-06T09:47:38+00:00 DEBUG Tt4b_Pixel_Class::inject_add_to_cart_event: hit AddToCart
2024-06-06T09:47:38+00:00 DEBUG Tt4b_Pixel_Class::inject_add_to_cart_event: Missing option "access_token"
2024-06-06T09:50:24+00:00 DEBUG Tt4b_Pixel_Class::inject_add_to_cart_event: hit AddToCart
2024-06-06T09:50:24+00:00 DEBUG Tt4b_Pixel_Class::inject_add_to_cart_event: Missing option "access_token"
2024-06-06T10:06:55+00:00 DEBUG Tt4b_Pixel_Class::inject_initiate_checkout_event: hit InitiateCheckout
2024-06-06T10:06:55+00:00 DEBUG Tt4b_Pixel_Class::inject_initiate_checkout_event: Missing option "access_token"
2024-06-06T10:56:11+00:00 DEBUG Tt4b_Pixel_Class::inject_add_to_cart_event: hit AddToCart
2024-06-06T10:56:11+00:00 DEBUG Tt4b_Pixel_Class::inject_add_to_cart_event: Missing option "access_token"
